2016/02/03 07:49:13 [emerg] 35#0: host not found in upstream "php56" in /etc/nginx/sites-enabled/project1.conf:14
2016/02/03 07:49:15 [emerg] 51#0: host not found in upstream "php56" in /etc/nginx/sites-enabled/project1.conf:14
2016/02/03 07:49:16 [emerg] 67#0: host not found in upstream "php56" in /etc/nginx/sites-enabled/project1.conf:14
2016/02/03 07:49:17 [emerg] 83#0: host not found in upstream "php56" in /etc/nginx/sites-enabled/project1.conf:14
2016/02/03 07:49:19 [emerg] 99#0: host not found in upstream "php56" in /etc/nginx/sites-enabled/project1.conf:14
2016/02/03 07:49:20 [emerg] 115#0: host not found in upstream "php56" in /etc/nginx/sites-enabled/project1.conf:14
2016/02/03 07:49:21 [emerg] 131#0: host not found in upstream "php56" in /etc/nginx/sites-enabled/project1.conf:14
2016/02/03 07:49:23 [emerg] 147#0: host not found in upstream "php56" in /etc/nginx/sites-enabled/project1.conf:14
2016/02/03 07:49:24 [emerg] 163#0: host not found in upstream "php56" in /etc/nginx/sites-enabled/project1.conf:14
2016/02/03 07:49:25 [emerg] 179#0: host not found in upstream "php56" in /etc/nginx/sites-enabled/project1.conf:14
2016/02/03 07:49:26 [emerg] 195#0: host not found in upstream "php56" in /etc/nginx/sites-enabled/project1.conf:14
2016/02/03 07:49:28 [emerg] 211#0: host not found in upstream "php56" in /etc/nginx/sites-enabled/project1.conf:14
2016/02/03 07:49:29 [emerg] 227#0: host not found in upstream "php56" in /etc/nginx/sites-enabled/project1.conf:14
2016/02/03 07:49:30 [emerg] 243#0: host not found in upstream "php56" in /etc/nginx/sites-enabled/project1.conf:14
2016/02/03 07:49:32 [emerg] 259#0: host not found in upstream "php56" in /etc/nginx/sites-enabled/project1.conf:14
2016/02/03 07:49:33 [emerg] 275#0: host not found in upstream "php56" in /etc/nginx/sites-enabled/project1.conf:14
2016/02/03 07:49:34 [emerg] 291#0: host not found in upstream "php56" in /etc/nginx/sites-enabled/project1.conf:14
2016/02/03 07:49:35 [emerg] 307#0: host not found in upstream "php56" in /etc/nginx/sites-enabled/project1.conf:14
2016/02/03 07:49:36 [emerg] 323#0: host not found in upstream "php56" in /etc/nginx/sites-enabled/project1.conf:14
2016/02/03 07:49:38 [emerg] 339#0: host not found in upstream "php56" in /etc/nginx/sites-enabled/project1.conf:14
2016/02/03 07:49:39 [emerg] 355#0: host not found in upstream "php56" in /etc/nginx/sites-enabled/project1.conf:14
2016/02/03 07:49:40 [emerg] 371#0: host not found in upstream "php56" in /etc/nginx/sites-enabled/project1.conf:14
2016/02/03 07:49:42 [emerg] 387#0: host not found in upstream "php56" in /etc/nginx/sites-enabled/project1.conf:14
2016/02/03 07:49:43 [emerg] 403#0: host not found in upstream "php56" in /etc/nginx/sites-enabled/project1.conf:14
2016/02/03 07:49:44 [emerg] 419#0: host not found in upstream "php56" in /etc/nginx/sites-enabled/project1.conf:14
2016/02/03 07:49:45 [emerg] 435#0: host not found in upstream "php56" in /etc/nginx/sites-enabled/project1.conf:14
2016/02/03 07:49:47 [emerg] 451#0: host not found in upstream "php56" in /etc/nginx/sites-enabled/project1.conf:14
2016/02/03 07:49:48 [emerg] 467#0: host not found in upstream "php56" in /etc/nginx/sites-enabled/project1.conf:14
2016/02/03 07:49:49 [emerg] 483#0: host not found in upstream "php56" in /etc/nginx/sites-enabled/project1.conf:14
2016/02/03 07:49:50 [emerg] 499#0: host not found in upstream "php56" in /etc/nginx/sites-enabled/project1.conf:14
2016/02/03 07:49:52 [emerg] 515#0: host not found in upstream "php56" in /etc/nginx/sites-enabled/project1.conf:14
2016/02/03 07:49:53 [emerg] 531#0: host not found in upstream "php56" in /etc/nginx/sites-enabled/project1.conf:14
2016/02/03 07:49:55 [emerg] 547#0: host not found in upstream "php56" in /etc/nginx/sites-enabled/project1.conf:14
2016/02/03 07:49:56 [emerg] 563#0: host not found in upstream "php56" in /etc/nginx/sites-enabled/project1.conf:14
2016/02/03 07:49:57 [emerg] 579#0: host not found in upstream "php56" in /etc/nginx/sites-enabled/project1.conf:14
2016/02/03 07:49:58 [emerg] 595#0: host not found in upstream "php56" in /etc/nginx/sites-enabled/project1.conf:14
2016/02/03 07:50:00 [emerg] 611#0: host not found in upstream "php56" in /etc/nginx/sites-enabled/project1.conf:14
2016/02/03 07:50:01 [emerg] 627#0: host not found in upstream "php56" in /etc/nginx/sites-enabled/project1.conf:14
2016/02/03 07:50:02 [emerg] 643#0: host not found in upstream "php56" in /etc/nginx/sites-enabled/project1.conf:14
2016/02/03 07:50:03 [emerg] 659#0: host not found in upstream "php56" in /etc/nginx/sites-enabled/project1.conf:14
2016/02/03 07:50:05 [emerg] 675#0: host not found in upstream "php56" in /etc/nginx/sites-enabled/project1.conf:14
2016/02/03 07:50:06 [emerg] 691#0: host not found in upstream "php56" in /etc/nginx/sites-enabled/project1.conf:14
2016/02/03 07:50:07 [emerg] 707#0: host not found in upstream "php56" in /etc/nginx/sites-enabled/project1.conf:14
2016/02/03 07:50:08 [emerg] 723#0: host not found in upstream "php56" in /etc/nginx/sites-enabled/project1.conf:14
2016/02/03 07:50:09 [emerg] 739#0: host not found in upstream "php56" in /etc/nginx/sites-enabled/project1.conf:14
2016/02/03 07:50:11 [emerg] 755#0: host not found in upstream "php56" in /etc/nginx/sites-enabled/project1.conf:14
2016/02/03 07:50:12 [emerg] 771#0: host not found in upstream "php56" in /etc/nginx/sites-enabled/project1.conf:14
2016/02/03 07:50:13 [emerg] 787#0: host not found in upstream "php56" in /etc/nginx/sites-enabled/project1.conf:14
2016/02/03 07:50:14 [emerg] 803#0: host not found in upstream "php56" in /etc/nginx/sites-enabled/project1.conf:14
2016/02/03 07:50:15 [emerg] 819#0: host not found in upstream "php56" in /etc/nginx/sites-enabled/project1.conf:14
2016/02/03 07:50:17 [emerg] 835#0: host not found in upstream "php56" in /etc/nginx/sites-enabled/project1.conf:14
2016/02/03 07:50:18 [emerg] 851#0: host not found in upstream "php56" in /etc/nginx/sites-enabled/project1.conf:14
2016/02/03 07:50:19 [emerg] 867#0: host not found in upstream "php56" in /etc/nginx/sites-enabled/project1.conf:14
2016/02/03 07:50:20 [emerg] 883#0: host not found in upstream "php56" in /etc/nginx/sites-enabled/project1.conf:14
2016/02/03 07:50:21 [emerg] 899#0: host not found in upstream "php56" in /etc/nginx/sites-enabled/project1.conf:14
2016/02/03 07:50:23 [emerg] 915#0: host not found in upstream "php56" in /etc/nginx/sites-enabled/project1.conf:14
2016/02/03 07:50:24 [emerg] 931#0: host not found in upstream "php56" in /etc/nginx/sites-enabled/project1.conf:14
2016/02/03 07:50:25 [emerg] 947#0: host not found in upstream "php56" in /etc/nginx/sites-enabled/project1.conf:14
2016/02/03 07:50:26 [emerg] 963#0: host not found in upstream "php56" in /etc/nginx/sites-enabled/project1.conf:14
2016/02/03 07:50:28 [emerg] 979#0: host not found in upstream "php56" in /etc/nginx/sites-enabled/project1.conf:14
2016/02/03 07:50:29 [emerg] 995#0: host not found in upstream "php56" in /etc/nginx/sites-enabled/project1.conf:14
2016/02/03 07:50:30 [emerg] 1011#0: host not found in upstream "php56" in /etc/nginx/sites-enabled/project1.conf:14
2016/02/03 07:50:31 [emerg] 1027#0: host not found in upstream "php56" in /etc/nginx/sites-enabled/project1.conf:14
2016/02/03 07:50:32 [emerg] 1043#0: host not found in upstream "php56" in /etc/nginx/sites-enabled/project1.conf:14
2016/02/03 07:50:34 [emerg] 1059#0: host not found in upstream "php56" in /etc/nginx/sites-enabled/project1.conf:14
2016/02/03 07:50:35 [emerg] 1075#0: host not found in upstream "php56" in /etc/nginx/sites-enabled/project1.conf:14
2016/02/03 07:50:36 [emerg] 1091#0: host not found in upstream "php56" in /etc/nginx/sites-enabled/project1.conf:14
2016/02/03 07:50:37 [emerg] 1107#0: host not found in upstream "php56" in /etc/nginx/sites-enabled/project1.conf:14
2016/02/03 07:50:38 [emerg] 1123#0: host not found in upstream "php56" in /etc/nginx/sites-enabled/project1.conf:14
2016/02/03 07:50:39 [emerg] 1139#0: host not found in upstream "php56" in /etc/nginx/sites-enabled/project1.conf:14
2016/02/03 07:50:41 [emerg] 1155#0: host not found in upstream "php56" in /etc/nginx/sites-enabled/project1.conf:14
2016/02/03 07:50:42 [emerg] 1171#0: host not found in upstream "php56" in /etc/nginx/sites-enabled/project1.conf:14
2016/02/03 07:50:43 [emerg] 1187#0: host not found in upstream "php56" in /etc/nginx/sites-enabled/project1.conf:14
2016/02/03 07:50:44 [emerg] 1203#0: host not found in upstream "php56" in /etc/nginx/sites-enabled/project1.conf:14
2016/02/03 07:50:45 [emerg] 1219#0: host not found in upstream "php56" in /etc/nginx/sites-enabled/project1.conf:14
2016/02/03 07:50:47 [emerg] 1235#0: host not found in upstream "php56" in /etc/nginx/sites-enabled/project1.conf:14
2016/02/03 07:50:48 [emerg] 1251#0: host not found in upstream "php56" in /etc/nginx/sites-enabled/project1.conf:14
2016/02/03 07:50:49 [emerg] 1267#0: host not found in upstream "php56" in /etc/nginx/sites-enabled/project1.conf:14
2016/02/03 07:50:50 [emerg] 1283#0: host not found in upstream "php56" in /etc/nginx/sites-enabled/project1.conf:14
2016/02/03 07:50:51 [emerg] 1299#0: host not found in upstream "php56" in /etc/nginx/sites-enabled/project1.conf:14
2016/02/03 07:50:53 [emerg] 1315#0: host not found in upstream "php56" in /etc/nginx/sites-enabled/project1.conf:14
2016/02/03 07:50:54 [emerg] 1331#0: host not found in upstream "php56" in /etc/nginx/sites-enabled/project1.conf:14
2016/02/03 07:50:55 [emerg] 1347#0: host not found in upstream "php56" in /etc/nginx/sites-enabled/project1.conf:14
2016/02/03 07:50:56 [emerg] 1363#0: host not found in upstream "php56" in /etc/nginx/sites-enabled/project1.conf:14
2016/02/03 07:50:57 [emerg] 1379#0: host not found in upstream "php56" in /etc/nginx/sites-enabled/project1.conf:14
2016/02/03 07:50:59 [emerg] 1395#0: host not found in upstream "php56" in /etc/nginx/sites-enabled/project1.conf:14
2016/02/03 07:51:00 [emerg] 1411#0: host not found in upstream "php56" in /etc/nginx/sites-enabled/project1.conf:14
2016/02/03 07:51:01 [emerg] 1427#0: host not found in upstream "php56" in /etc/nginx/sites-enabled/project1.conf:14
2016/02/03 07:51:02 [emerg] 1443#0: host not found in upstream "php56" in /etc/nginx/sites-enabled/project1.conf:14
2016/02/03 07:51:03 [emerg] 1459#0: host not found in upstream "php56" in /etc/nginx/sites-enabled/project1.conf:14
2016/02/03 07:51:05 [emerg] 1475#0: host not found in upstream "php56" in /etc/nginx/sites-enabled/project1.conf:14
2016/02/03 07:51:06 [emerg] 1491#0: host not found in upstream "php56" in /etc/nginx/sites-enabled/project1.conf:14
2016/02/03 07:51:11 [emerg] 1507#0: host not found in upstream "php56" in /etc/nginx/sites-enabled/project1.conf:14
2016/02/03 07:51:12 [emerg] 1523#0: host not found in upstream "php56" in /etc/nginx/sites-enabled/project1.conf:14
2016/02/03 07:51:13 [emerg] 1539#0: host not found in upstream "php56" in /etc/nginx/sites-enabled/project1.conf:14
2016/02/03 07:51:15 [emerg] 1555#0: host not found in upstream "php56" in /etc/nginx/sites-enabled/project1.conf:14
2016/02/03 07:51:16 [emerg] 1571#0: host not found in upstream "php56" in /etc/nginx/sites-enabled/project1.conf:14
2016/02/03 07:51:17 [emerg] 1587#0: host not found in upstream "php56" in /etc/nginx/sites-enabled/project1.conf:14
2016/02/03 07:51:18 [emerg] 1603#0: host not found in upstream "php56" in /etc/nginx/sites-enabled/project1.conf:14
2016/02/03 07:51:19 [emerg] 1619#0: host not found in upstream "php56" in /etc/nginx/sites-enabled/project1.conf:14
2016/02/03 07:51:20 [emerg] 1635#0: host not found in upstream "php56" in /etc/nginx/sites-enabled/project1.conf:14
2016/02/03 07:52:23 [emerg] 35#0: host not found in upstream "php56" in /etc/nginx/sites-enabled/project1.conf:14
2016/02/03 07:52:24 [emerg] 51#0: host not found in upstream "php56" in /etc/nginx/sites-enabled/project1.conf:14
2016/02/03 07:52:26 [emerg] 67#0: host not found in upstream "php56" in /etc/nginx/sites-enabled/project1.conf:14
2016/02/03 07:52:27 [emerg] 83#0: host not found in upstream "php56" in /etc/nginx/sites-enabled/project1.conf:14
2016/02/03 07:52:28 [emerg] 99#0: host not found in upstream "php56" in /etc/nginx/sites-enabled/project1.conf:14
2016/02/03 07:52:29 [emerg] 115#0: host not found in upstream "php56" in /etc/nginx/sites-enabled/project1.conf:14
2016/02/03 07:52:30 [emerg] 131#0: host not found in upstream "php56" in /etc/nginx/sites-enabled/project1.conf:14
2016/02/03 07:52:31 [emerg] 147#0: host not found in upstream "php56" in /etc/nginx/sites-enabled/project1.conf:14
2016/02/03 07:52:33 [emerg] 163#0: host not found in upstream "php56" in /etc/nginx/sites-enabled/project1.conf:14
2016/02/03 07:52:34 [emerg] 179#0: host not found in upstream "php56" in /etc/nginx/sites-enabled/project1.conf:14
2016/02/03 07:52:35 [emerg] 195#0: host not found in upstream "php56" in /etc/nginx/sites-enabled/project1.conf:14
2016/02/03 07:52:36 [emerg] 211#0: host not found in upstream "php56" in /etc/nginx/sites-enabled/project1.conf:14
2016/02/03 07:52:37 [emerg] 227#0: host not found in upstream "php56" in /etc/nginx/sites-enabled/project1.conf:14
2016/02/03 07:52:39 [emerg] 243#0: host not found in upstream "php56" in /etc/nginx/sites-enabled/project1.conf:14
2016/02/03 07:52:40 [emerg] 259#0: host not found in upstream "php56" in /etc/nginx/sites-enabled/project1.conf:14
2016/02/03 07:52:41 [emerg] 275#0: host not found in upstream "php56" in /etc/nginx/sites-enabled/project1.conf:14
2016/02/03 07:52:42 [emerg] 291#0: host not found in upstream "php56" in /etc/nginx/sites-enabled/project1.conf:14
2016/02/03 07:52:43 [emerg] 307#0: host not found in upstream "php56" in /etc/nginx/sites-enabled/project1.conf:14
2016/02/03 07:52:45 [emerg] 323#0: host not found in upstream "php56" in /etc/nginx/sites-enabled/project1.conf:14
2016/02/03 07:52:46 [emerg] 339#0: host not found in upstream "php56" in /etc/nginx/sites-enabled/project1.conf:14
2016/02/03 07:52:47 [emerg] 355#0: host not found in upstream "php56" in /etc/nginx/sites-enabled/project1.conf:14
2016/02/03 07:52:48 [emerg] 371#0: host not found in upstream "php56" in /etc/nginx/sites-enabled/project1.conf:14
2016/02/03 07:52:49 [emerg] 387#0: host not found in upstream "php56" in /etc/nginx/sites-enabled/project1.conf:14
2016/02/03 07:52:51 [emerg] 403#0: host not found in upstream "php56" in /etc/nginx/sites-enabled/project1.conf:14
2016/02/03 07:52:52 [emerg] 419#0: host not found in upstream "php56" in /etc/nginx/sites-enabled/project1.conf:14
2016/02/03 07:52:53 [emerg] 435#0: host not found in upstream "php56" in /etc/nginx/sites-enabled/project1.conf:14
2016/02/03 07:52:54 [emerg] 451#0: host not found in upstream "php56" in /etc/nginx/sites-enabled/project1.conf:14
2016/02/03 07:52:55 [emerg] 467#0: host not found in upstream "php56" in /etc/nginx/sites-enabled/project1.conf:14
2016/02/03 07:52:56 [emerg] 483#0: host not found in upstream "php56" in /etc/nginx/sites-enabled/project1.conf:14
2016/02/03 07:52:58 [emerg] 499#0: host not found in upstream "php56" in /etc/nginx/sites-enabled/project1.conf:14
2016/02/03 07:52:59 [emerg] 515#0: host not found in upstream "php56" in /etc/nginx/sites-enabled/project1.conf:14
2016/02/03 07:53:00 [emerg] 531#0: host not found in upstream "php56" in /etc/nginx/sites-enabled/project1.conf:14
2016/02/03 07:53:01 [emerg] 547#0: host not found in upstream "php56" in /etc/nginx/sites-enabled/project1.conf:14
2016/02/03 07:53:02 [emerg] 563#0: host not found in upstream "php56" in /etc/nginx/sites-enabled/project1.conf:14
2016/02/03 07:53:08 [emerg] 579#0: host not found in upstream "php56" in /etc/nginx/sites-enabled/project1.conf:14
2016/02/03 07:53:09 [emerg] 595#0: host not found in upstream "php56" in /etc/nginx/sites-enabled/project1.conf:14
2016/02/03 07:53:10 [emerg] 611#0: host not found in upstream "php56" in /etc/nginx/sites-enabled/project1.conf:14
2016/02/03 07:53:11 [emerg] 627#0: host not found in upstream "php56" in /etc/nginx/sites-enabled/project1.conf:14
2016/02/03 07:53:12 [emerg] 643#0: host not found in upstream "php56" in /etc/nginx/sites-enabled/project1.conf:14
2016/02/03 07:53:14 [emerg] 659#0: host not found in upstream "php56" in /etc/nginx/sites-enabled/project1.conf:14
2016/02/03 07:53:15 [emerg] 675#0: host not found in upstream "php56" in /etc/nginx/sites-enabled/project1.conf:14
2016/02/03 07:53:16 [emerg] 691#0: host not found in upstream "php56" in /etc/nginx/sites-enabled/project1.conf:14
2016/02/03 07:53:17 [emerg] 707#0: host not found in upstream "php56" in /etc/nginx/sites-enabled/project1.conf:14
2016/02/03 07:53:19 [emerg] 723#0: host not found in upstream "php56" in /etc/nginx/sites-enabled/project1.conf:14
2016/02/03 07:53:20 [emerg] 739#0: host not found in upstream "php56" in /etc/nginx/sites-enabled/project1.conf:14
2016/02/03 07:53:21 [emerg] 755#0: host not found in upstream "php56" in /etc/nginx/sites-enabled/project1.conf:14
2016/02/03 07:53:22 [emerg] 771#0: host not found in upstream "php56" in /etc/nginx/sites-enabled/project1.conf:14
2016/02/03 07:53:23 [emerg] 787#0: host not found in upstream "php56" in /etc/nginx/sites-enabled/project1.conf:14
2016/02/03 07:53:24 [emerg] 803#0: host not found in upstream "php56" in /etc/nginx/sites-enabled/project1.conf:14
2016/02/03 07:53:26 [emerg] 819#0: host not found in upstream "php56" in /etc/nginx/sites-enabled/project1.conf:14
2016/02/03 07:53:27 [emerg] 835#0: host not found in upstream "php56" in /etc/nginx/sites-enabled/project1.conf:14
2016/02/03 07:53:28 [emerg] 851#0: host not found in upstream "php56" in /etc/nginx/sites-enabled/project1.conf:14
2016/02/03 07:53:29 [emerg] 867#0: host not found in upstream "php56" in /etc/nginx/sites-enabled/project1.conf:14
2016/02/03 07:53:30 [emerg] 883#0: host not found in upstream "php56" in /etc/nginx/sites-enabled/project1.conf:14
2016/02/03 07:53:31 [emerg] 899#0: host not found in upstream "php56" in /etc/nginx/sites-enabled/project1.conf:14
2016/02/03 07:53:33 [emerg] 915#0: host not found in upstream "php56" in /etc/nginx/sites-enabled/project1.conf:14
2016/02/03 07:53:34 [emerg] 931#0: host not found in upstream "php56" in /etc/nginx/sites-enabled/project1.conf:14
2016/02/03 07:53:35 [emerg] 947#0: host not found in upstream "php56" in /etc/nginx/sites-enabled/project1.conf:14
2016/02/03 07:53:36 [emerg] 963#0: host not found in upstream "php56" in /etc/nginx/sites-enabled/project1.conf:14
2016/02/03 07:53:37 [emerg] 979#0: host not found in upstream "php56" in /etc/nginx/sites-enabled/project1.conf:14
2016/02/03 07:53:39 [emerg] 995#0: host not found in upstream "php56" in /etc/nginx/sites-enabled/project1.conf:14
2016/02/03 07:53:44 [emerg] 1011#0: host not found in upstream "php56" in /etc/nginx/sites-enabled/project1.conf:14
2016/02/03 07:53:49 [emerg] 1027#0: host not found in upstream "php56" in /etc/nginx/sites-enabled/project1.conf:14
2016/02/03 07:53:50 [emerg] 1043#0: host not found in upstream "php56" in /etc/nginx/sites-enabled/project1.conf:14
2016/02/03 07:53:51 [emerg] 1059#0: host not found in upstream "php56" in /etc/nginx/sites-enabled/project1.conf:14
2016/02/03 07:53:53 [emerg] 1075#0: host not found in upstream "php56" in /etc/nginx/sites-enabled/project1.conf:14
2016/02/03 07:53:54 [emerg] 1091#0: host not found in upstream "php56" in /etc/nginx/sites-enabled/project1.conf:14
2016/02/03 07:53:55 [emerg] 1107#0: host not found in upstream "php56" in /etc/nginx/sites-enabled/project1.conf:14
2016/02/03 07:53:56 [emerg] 1123#0: host not found in upstream "php56" in /etc/nginx/sites-enabled/project1.conf:14
2016/02/03 07:53:57 [emerg] 1139#0: host not found in upstream "php56" in /etc/nginx/sites-enabled/project1.conf:14
2016/02/03 07:53:58 [emerg] 1155#0: host not found in upstream "php56" in /etc/nginx/sites-enabled/project1.conf:14
2016/02/03 07:54:00 [emerg] 1171#0: host not found in upstream "php56" in /etc/nginx/sites-enabled/project1.conf:14
2016/02/03 07:54:01 [emerg] 1187#0: host not found in upstream "php56" in /etc/nginx/sites-enabled/project1.conf:14
2016/02/03 07:54:02 [emerg] 1203#0: host not found in upstream "php56" in /etc/nginx/sites-enabled/project1.conf:14
2016/02/03 07:54:03 [emerg] 1219#0: host not found in upstream "php56" in /etc/nginx/sites-enabled/project1.conf:14
2016/02/03 07:54:04 [emerg] 1235#0: host not found in upstream "php56" in /etc/nginx/sites-enabled/project1.conf:14
2016/02/03 07:54:05 [emerg] 1251#0: host not found in upstream "php56" in /etc/nginx/sites-enabled/project1.conf:14
2016/02/03 07:54:07 [emerg] 1267#0: host not found in upstream "php56" in /etc/nginx/sites-enabled/project1.conf:14
2016/02/03 07:54:08 [emerg] 1283#0: host not found in upstream "php56" in /etc/nginx/sites-enabled/project1.conf:14
2016/02/03 07:54:09 [emerg] 1299#0: host not found in upstream "php56" in /etc/nginx/sites-enabled/project1.conf:14
2016/02/03 07:54:10 [emerg] 1315#0: host not found in upstream "php56" in /etc/nginx/sites-enabled/project1.conf:14
2016/02/03 07:54:11 [emerg] 1331#0: host not found in upstream "php56" in /etc/nginx/sites-enabled/project1.conf:14
2016/02/03 07:54:12 [emerg] 1347#0: host not found in upstream "php56" in /etc/nginx/sites-enabled/project1.conf:14
2016/02/03 07:54:14 [emerg] 1363#0: host not found in upstream "php56" in /etc/nginx/sites-enabled/project1.conf:14
2016/02/03 07:54:15 [emerg] 1379#0: host not found in upstream "php56" in /etc/nginx/sites-enabled/project1.conf:14
2016/02/03 07:54:16 [emerg] 1395#0: host not found in upstream "php56" in /etc/nginx/sites-enabled/project1.conf:14
2016/02/03 07:54:17 [emerg] 1411#0: host not found in upstream "php56" in /etc/nginx/sites-enabled/project1.conf:14
2016/02/03 07:54:18 [emerg] 1427#0: host not found in upstream "php56" in /etc/nginx/sites-enabled/project1.conf:14
2016/02/03 07:54:20 [emerg] 1443#0: host not found in upstream "php56" in /etc/nginx/sites-enabled/project1.conf:14
2016/02/03 07:54:21 [emerg] 1459#0: host not found in upstream "php56" in /etc/nginx/sites-enabled/project1.conf:14
2016/02/03 07:54:22 [emerg] 1475#0: host not found in upstream "php56" in /etc/nginx/sites-enabled/project1.conf:14
2016/02/03 07:54:23 [emerg] 1491#0: host not found in upstream "php56" in /etc/nginx/sites-enabled/project1.conf:14
2016/02/03 07:54:24 [emerg] 1507#0: host not found in upstream "php56" in /etc/nginx/sites-enabled/project1.conf:14
2016/02/03 07:54:25 [emerg] 1523#0: host not found in upstream "php56" in /etc/nginx/sites-enabled/project1.conf:14
2016/02/03 07:54:27 [emerg] 1539#0: host not found in upstream "php56" in /etc/nginx/sites-enabled/project1.conf:14
2016/02/03 07:54:28 [emerg] 1555#0: host not found in upstream "php56" in /etc/nginx/sites-enabled/project1.conf:14
2016/02/03 07:54:29 [emerg] 1571#0: host not found in upstream "php56" in /etc/nginx/sites-enabled/project1.conf:14
2016/02/03 07:54:30 [emerg] 1587#0: host not found in upstream "php56" in /etc/nginx/sites-enabled/project1.conf:14
2016/02/03 07:54:31 [emerg] 1603#0: host not found in upstream "php56" in /etc/nginx/sites-enabled/project1.conf:14
2016/02/03 07:54:37 [emerg] 1619#0: host not found in upstream "php56" in /etc/nginx/sites-enabled/project1.conf:14
2016/02/03 07:54:38 [emerg] 1635#0: host not found in upstream "php56" in /etc/nginx/sites-enabled/project1.conf:14
2016/02/03 07:54:39 [emerg] 1651#0: host not found in upstream "php56" in /etc/nginx/sites-enabled/project1.conf:14
2016/02/03 07:54:40 [emerg] 1667#0: host not found in upstream "php56" in /etc/nginx/sites-enabled/project1.conf:14
2016/02/03 07:54:41 [emerg] 1683#0: host not found in upstream "php56" in /etc/nginx/sites-enabled/project1.conf:14
2016/02/03 07:54:43 [emerg] 1699#0: host not found in upstream "php56" in /etc/nginx/sites-enabled/project1.conf:14
2016/02/03 07:54:44 [emerg] 1715#0: host not found in upstream "php56" in /etc/nginx/sites-enabled/project1.conf:14
2016/02/03 07:54:45 [emerg] 1731#0: host not found in upstream "php56" in /etc/nginx/sites-enabled/project1.conf:14
2016/02/03 07:54:46 [emerg] 1747#0: host not found in upstream "php56" in /etc/nginx/sites-enabled/project1.conf:14
2016/02/03 07:54:47 [emerg] 1763#0: host not found in upstream "php56" in /etc/nginx/sites-enabled/project1.conf:14
2016/02/03 07:54:48 [emerg] 1779#0: host not found in upstream "php56" in /etc/nginx/sites-enabled/project1.conf:14
2016/02/03 07:54:50 [emerg] 1795#0: host not found in upstream "php56" in /etc/nginx/sites-enabled/project1.conf:14
2016/02/03 07:54:51 [emerg] 1811#0: host not found in upstream "php56" in /etc/nginx/sites-enabled/project1.conf:14
2016/02/03 07:54:52 [emerg] 1827#0: host not found in upstream "php56" in /etc/nginx/sites-enabled/project1.conf:14
2016/02/03 07:54:53 [emerg] 1843#0: host not found in upstream "php56" in /etc/nginx/sites-enabled/project1.conf:14
2016/02/03 07:54:54 [emerg] 1859#0: host not found in upstream "php56" in /etc/nginx/sites-enabled/project1.conf:14
2016/02/03 07:54:55 [emerg] 1875#0: host not found in upstream "php56" in /etc/nginx/sites-enabled/project1.conf:14
2016/02/03 07:54:57 [emerg] 1891#0: host not found in upstream "php56" in /etc/nginx/sites-enabled/project1.conf:14
2016/02/03 07:54:58 [emerg] 1907#0: host not found in upstream "php56" in /etc/nginx/sites-enabled/project1.conf:14
2016/02/03 07:54:59 [emerg] 1923#0: host not found in upstream "php56" in /etc/nginx/sites-enabled/project1.conf:14
2016/02/03 07:55:00 [emerg] 1939#0: host not found in upstream "php56" in /etc/nginx/sites-enabled/project1.conf:14
2016/02/03 07:55:01 [emerg] 1955#0: host not found in upstream "php56" in /etc/nginx/sites-enabled/project1.conf:14
2016/02/03 07:55:07 [emerg] 1971#0: host not found in upstream "php56" in /etc/nginx/sites-enabled/project1.conf:14
2016/02/03 07:55:08 [emerg] 1987#0: host not found in upstream "php56" in /etc/nginx/sites-enabled/project1.conf:14
2016/02/03 07:55:09 [emerg] 2003#0: host not found in upstream "php56" in /etc/nginx/sites-enabled/project1.conf:14
2016/02/03 07:55:10 [emerg] 2019#0: host not found in upstream "php56" in /etc/nginx/sites-enabled/project1.conf:14
2016/02/03 07:55:11 [emerg] 2035#0: host not found in upstream "php56" in /etc/nginx/sites-enabled/project1.conf:14
2016/02/03 07:55:12 [emerg] 2051#0: host not found in upstream "php56" in /etc/nginx/sites-enabled/project1.conf:14
2016/02/03 07:55:18 [emerg] 2067#0: host not found in upstream "php56" in /etc/nginx/sites-enabled/project1.conf:14
2016/02/03 07:55:19 [emerg] 2083#0: host not found in upstream "php56" in /etc/nginx/sites-enabled/project1.conf:14
2016/02/03 07:55:21 [emerg] 2099#0: host not found in upstream "php56" in /etc/nginx/sites-enabled/project1.conf:14
2016/02/03 07:55:22 [emerg] 2115#0: host not found in upstream "php56" in /etc/nginx/sites-enabled/project1.conf:14
2016/02/03 07:55:23 [emerg] 2131#0: host not found in upstream "php56" in /etc/nginx/sites-enabled/project1.conf:14
2016/02/03 07:55:28 [emerg] 2147#0: host not found in upstream "php56" in /etc/nginx/sites-enabled/project1.conf:14
2016/02/03 07:55:29 [emerg] 2163#0: host not found in upstream "php56" in /etc/nginx/sites-enabled/project1.conf:14
2016/02/03 07:55:31 [emerg] 2179#0: host not found in upstream "php56" in /etc/nginx/sites-enabled/project1.conf:14
2016/02/03 07:55:32 [emerg] 2195#0: host not found in upstream "php56" in /etc/nginx/sites-enabled/project1.conf:14
2016/02/03 07:55:33 [emerg] 2211#0: host not found in upstream "php56" in /etc/nginx/sites-enabled/project1.conf:14
2016/02/03 07:55:34 [emerg] 2227#0: host not found in upstream "php56" in /etc/nginx/sites-enabled/project1.conf:14
2016/02/03 07:55:36 [emerg] 2243#0: host not found in upstream "php56" in /etc/nginx/sites-enabled/project1.conf:14
2016/02/03 07:55:37 [emerg] 2259#0: host not found in upstream "php56" in /etc/nginx/sites-enabled/project1.conf:14
2016/02/03 07:55:38 [emerg] 2275#0: host not found in upstream "php56" in /etc/nginx/sites-enabled/project1.conf:14
2016/02/03 07:55:39 [emerg] 2291#0: host not found in upstream "php56" in /etc/nginx/sites-enabled/project1.conf:14
2016/02/03 07:55:44 [emerg] 2307#0: host not found in upstream "php56" in /etc/nginx/sites-enabled/project1.conf:14
2016/02/03 07:55:46 [emerg] 2323#0: host not found in upstream "php56" in /etc/nginx/sites-enabled/project1.conf:14
2016/02/03 07:55:47 [emerg] 2339#0: host not found in upstream "php56" in /etc/nginx/sites-enabled/project1.conf:14
2016/02/03 07:55:48 [emerg] 2356#0: host not found in upstream "php56" in /etc/nginx/sites-enabled/project1.conf:14
2016/02/03 07:55:49 [emerg] 2372#0: host not found in upstream "php56" in /etc/nginx/sites-enabled/project1.conf:14
2016/02/03 07:55:50 [emerg] 2388#0: host not found in upstream "php56" in /etc/nginx/sites-enabled/project1.conf:14
2016/02/03 07:55:52 [emerg] 2404#0: host not found in upstream "php56" in /etc/nginx/sites-enabled/project1.conf:14
2016/02/03 07:55:53 [emerg] 2420#0: host not found in upstream "php56" in /etc/nginx/sites-enabled/project1.conf:14
2016/02/03 07:55:55 [emerg] 2436#0: host not found in upstream "php56" in /etc/nginx/sites-enabled/project1.conf:14
2016/02/03 07:55:56 [emerg] 2452#0: host not found in upstream "php56" in /etc/nginx/sites-enabled/project1.conf:14
2016/02/03 07:55:57 [emerg] 2468#0: host not found in upstream "php56" in /etc/nginx/sites-enabled/project1.conf:14
2016/02/03 07:58:41 [emerg] 41#0: bind() to 0.0.0.0:80 failed (98: Address already in use)
2016/02/03 07:58:41 [emerg] 41#0: bind() to [::]:80 failed (98: Address already in use)
2016/02/03 07:58:41 [emerg] 41#0: bind() to 0.0.0.0:80 failed (98: Address already in use)
2016/02/03 07:58:41 [emerg] 41#0: bind() to [::]:80 failed (98: Address already in use)
2016/02/03 07:58:41 [emerg] 41#0: bind() to 0.0.0.0:80 failed (98: Address already in use)
2016/02/03 07:58:41 [emerg] 41#0: bind() to [::]:80 failed (98: Address already in use)
2016/02/03 07:58:41 [emerg] 41#0: bind() to 0.0.0.0:80 failed (98: Address already in use)
2016/02/03 07:58:41 [emerg] 41#0: bind() to [::]:80 failed (98: Address already in use)
2016/02/03 07:58:41 [emerg] 41#0: bind() to 0.0.0.0:80 failed (98: Address already in use)
2016/02/03 07:58:41 [emerg] 41#0: bind() to [::]:80 failed (98: Address already in use)
2016/02/03 07:58:41 [emerg] 41#0: still could not bind()
2016/02/03 07:59:27 [emerg] 76#0: bind() to 0.0.0.0:80 failed (98: Address already in use)
2016/02/03 07:59:27 [emerg] 76#0: bind() to [::]:80 failed (98: Address already in use)
2016/02/03 07:59:27 [emerg] 76#0: bind() to 0.0.0.0:80 failed (98: Address already in use)
2016/02/03 07:59:27 [emerg] 76#0: bind() to [::]:80 failed (98: Address already in use)
2016/02/03 07:59:27 [emerg] 76#0: bind() to 0.0.0.0:80 failed (98: Address already in use)
2016/02/03 07:59:27 [emerg] 76#0: bind() to [::]:80 failed (98: Address already in use)
2016/02/03 07:59:27 [emerg] 76#0: bind() to 0.0.0.0:80 failed (98: Address already in use)
2016/02/03 07:59:27 [emerg] 76#0: bind() to [::]:80 failed (98: Address already in use)
2016/02/03 07:59:27 [emerg] 76#0: bind() to 0.0.0.0:80 failed (98: Address already in use)
2016/02/03 07:59:27 [emerg] 76#0: bind() to [::]:80 failed (98: Address already in use)
2016/02/03 07:59:27 [emerg] 76#0: still could not bind()
2016/02/03 08:01:00 [notice] 87#0: signal process started
2016/02/03 08:01:02 [emerg] 105#0: bind() to 0.0.0.0:80 failed (98: Address already in use)
2016/02/03 08:01:02 [emerg] 105#0: bind() to [::]:80 failed (98: Address already in use)
2016/02/03 08:01:02 [emerg] 105#0: bind() to 0.0.0.0:80 failed (98: Address already in use)
2016/02/03 08:01:02 [emerg] 105#0: bind() to [::]:80 failed (98: Address already in use)
2016/02/03 08:01:02 [emerg] 105#0: bind() to 0.0.0.0:80 failed (98: Address already in use)
2016/02/03 08:01:02 [emerg] 105#0: bind() to [::]:80 failed (98: Address already in use)
2016/02/03 08:01:02 [emerg] 105#0: bind() to 0.0.0.0:80 failed (98: Address already in use)
2016/02/03 08:01:02 [emerg] 105#0: bind() to [::]:80 failed (98: Address already in use)
2016/02/03 08:01:02 [emerg] 105#0: bind() to 0.0.0.0:80 failed (98: Address already in use)
2016/02/03 08:01:02 [emerg] 105#0: bind() to [::]:80 failed (98: Address already in use)
2016/02/03 08:01:02 [emerg] 105#0: still could not bind()
2016/02/03 08:01:17 [notice] 109#0: signal process started
2016/02/03 08:06:17 [emerg] 181#0: bind() to 0.0.0.0:80 failed (98: Address already in use)
2016/02/03 08:06:17 [emerg] 181#0: bind() to 0.0.0.0:80 failed (98: Address already in use)
2016/02/03 08:06:17 [emerg] 181#0: bind() to 0.0.0.0:80 failed (98: Address already in use)
2016/02/03 08:06:17 [emerg] 181#0: bind() to 0.0.0.0:80 failed (98: Address already in use)
2016/02/03 08:06:17 [emerg] 181#0: bind() to 0.0.0.0:80 failed (98: Address already in use)
2016/02/03 08:06:17 [emerg] 181#0: still could not bind()
2016/02/03 08:06:24 [notice] 182#0: signal process started
